<?xml version="1.0" encoding="UTF-8"?>
<robot generator="Robot 4.1 (Python 3.9.6 on win32)" generated="20211024 21:06:33.805" rpa="false" schemaversion="2">
<suite id="s1" name="Webautomation" source="C:\Users\user\Desktop\DIEGO\Curso\Projetos\Tarefa\tests\webautomation.robot">
<test id="s1-t1" name="Caso de Teste 01: Pesquisar produto existente​">
<kw name="Abrir navegador" library="hooks" type="SETUP">
<kw name="Open Browser" library="SeleniumLibrary">
<arg>browser=${BROWSER}</arg>
<doc>Opens a new browser instance to the optional ``url``.</doc>
<msg timestamp="20211024 21:06:33.993" level="INFO">Opening browser 'Chrome' to base url 'None'.</msg>
<status status="PASS" starttime="20211024 21:06:33.993" endtime="20211024 21:06:35.070"/>
</kw>
<kw name="Maximize Browser Window" library="SeleniumLibrary">
<doc>Maximizes current browser window.</doc>
<status status="PASS" starttime="20211024 21:06:35.070" endtime="20211024 21:06:35.190"/>
</kw>
<status status="PASS" starttime="20211024 21:06:33.992" endtime="20211024 21:06:35.191"/>
</kw>
<kw name="Digitar o nome do produto &quot;Blouse&quot; no campo de pesquisa​" library="kws_webautomation" sourcename="Digitar o nome do produto &quot;${PRODUTO}&quot; no campo de pesquisa​">
<kw name="Go To" library="SeleniumLibrary">
<arg>${URL}</arg>
<doc>Navigates the current browser window to the provided ``url``.</doc>
<msg timestamp="20211024 21:06:35.195" level="INFO">Opening url 'http://automationpractice.com/index.php'</msg>
<status status="PASS" starttime="20211024 21:06:35.194" endtime="20211024 21:06:39.568"/>
</kw>
<kw name="Title Should Be" library="SeleniumLibrary">
<arg>${HOME.TITLE_PAGE_HOME}</arg>
<doc>Verifies that the current page title equals ``title``.</doc>
<msg timestamp="20211024 21:06:39.575" level="INFO">Page title is 'My Store'.</msg>
<status status="PASS" starttime="20211024 21:06:39.568" endtime="20211024 21:06:39.575"/>
</kw>
<kw name="Wait Until Element Is Visible" library="SeleniumLibrary">
<arg>${HOME.HEADER_OPTIONS}</arg>
<doc>Waits until the element ``locator`` is visible.</doc>
<status status="PASS" starttime="20211024 21:06:39.575" endtime="20211024 21:06:39.599"/>
</kw>
<kw name="Wait Until Element Is Visible" library="SeleniumLibrary">
<arg>${HOME.INPUT_BUSCA}</arg>
<doc>Waits until the element ``locator`` is visible.</doc>
<status status="PASS" starttime="20211024 21:06:39.599" endtime="20211024 21:06:39.623"/>
</kw>
<kw name="Input Text" library="SeleniumLibrary">
<arg>${HOME.INPUT_BUSCA}</arg>
<arg>${PRODUTO}</arg>
<doc>Types the given ``text`` into the text field identified by ``locator``.</doc>
<msg timestamp="20211024 21:06:39.625" level="INFO">Typing text 'Blouse' into text field 'search_query_top'.</msg>
<status status="PASS" starttime="20211024 21:06:39.624" endtime="20211024 21:06:39.695"/>
</kw>
<status status="PASS" starttime="20211024 21:06:35.192" endtime="20211024 21:06:39.696"/>
</kw>
<kw name="Clicar no botão pesquisar​" library="kws_webautomation">
<kw name="Click Element" library="SeleniumLibrary">
<arg>${HOME.BTN_PESQUISAR}</arg>
<doc>Click the element identified by ``locator``.</doc>
<msg timestamp="20211024 21:06:39.697" level="INFO">Clicking element 'submit_search'.</msg>
<status status="PASS" starttime="20211024 21:06:39.697" endtime="20211024 21:06:41.345"/>
</kw>
<status status="PASS" starttime="20211024 21:06:39.696" endtime="20211024 21:06:41.345"/>
</kw>
<kw name="Conferir se o produto &quot;Blouse&quot; foi listado no site" library="kws_webautomation" sourcename="Conferir se o produto &quot;${PRODUTO}&quot; foi listado no site">
<kw name="Page Should Contain Image" library="SeleniumLibrary">
<arg>xpath=${HOME.IMG_BLOUSE}</arg>
<doc>Verifies image identified by ``locator`` is found from current page.</doc>
<msg timestamp="20211024 21:06:41.361" level="INFO">Current page contains image 'xpath=//*[@id="center_column"]//*[@src='http://automationpractice.com/img/p/7/7-home_default.jpg']'.</msg>
<status status="PASS" starttime="20211024 21:06:41.346" endtime="20211024 21:06:41.361"/>
</kw>
<kw name="Title Should Be" library="SeleniumLibrary">
<arg>${HOME.TITLE_PAGE_PESQUISA}</arg>
<doc>Verifies that the current page title equals ``title``.</doc>
<msg timestamp="20211024 21:06:41.364" level="INFO">Page title is 'Search - My Store'.</msg>
<status status="PASS" starttime="20211024 21:06:41.361" endtime="20211024 21:06:41.365"/>
</kw>
<status status="PASS" starttime="20211024 21:06:41.345" endtime="20211024 21:06:41.365"/>
</kw>
<status status="PASS" starttime="20211024 21:06:33.991" endtime="20211024 21:06:41.365"/>
</test>
<test id="s1-t2" name="Caso de Teste 02: Pesquisar produto não existente">
<kw name="Abrir navegador" library="hooks" type="SETUP">
<kw name="Open Browser" library="SeleniumLibrary">
<arg>browser=${BROWSER}</arg>
<doc>Opens a new browser instance to the optional ``url``.</doc>
<msg timestamp="20211024 21:06:41.367" level="INFO">Opening browser 'Chrome' to base url 'None'.</msg>
<status status="PASS" starttime="20211024 21:06:41.367" endtime="20211024 21:06:42.482"/>
</kw>
<kw name="Maximize Browser Window" library="SeleniumLibrary">
<doc>Maximizes current browser window.</doc>
<status status="PASS" starttime="20211024 21:06:42.482" endtime="20211024 21:06:42.600"/>
</kw>
<status status="PASS" starttime="20211024 21:06:41.367" endtime="20211024 21:06:42.601"/>
</kw>
<kw name="Acessar a página home do site Automation Practice​" library="kws_webautomation">
<kw name="Go To" library="SeleniumLibrary">
<arg>${URL}</arg>
<doc>Navigates the current browser window to the provided ``url``.</doc>
<msg timestamp="20211024 21:06:42.605" level="INFO">Opening url 'http://automationpractice.com/index.php'</msg>
<status status="PASS" starttime="20211024 21:06:42.604" endtime="20211024 21:06:47.340"/>
</kw>
<kw name="Title Should Be" library="SeleniumLibrary">
<arg>${HOME.TITLE_PAGE_HOME}</arg>
<doc>Verifies that the current page title equals ``title``.</doc>
<msg timestamp="20211024 21:06:47.345" level="INFO">Page title is 'My Store'.</msg>
<status status="PASS" starttime="20211024 21:06:47.340" endtime="20211024 21:06:47.345"/>
</kw>
<kw name="Wait Until Element Is Visible" library="SeleniumLibrary">
<arg>${HOME.HEADER_OPTIONS}</arg>
<doc>Waits until the element ``locator`` is visible.</doc>
<status status="PASS" starttime="20211024 21:06:47.345" endtime="20211024 21:06:47.370"/>
</kw>
<status status="PASS" starttime="20211024 21:06:42.603" endtime="20211024 21:06:47.370"/>
</kw>
<kw name="Digitar o nome do produto &quot;itemNãoExistente&quot; no campo de pesquisa" library="kws_webautomation">
<kw name="Wait Until Element Is Visible" library="SeleniumLibrary">
<arg>${HOME.INPUT_BUSCA}</arg>
<doc>Waits until the element ``locator`` is visible.</doc>
<status status="PASS" starttime="20211024 21:06:47.372" endtime="20211024 21:06:47.394"/>
</kw>
<kw name="Input Text" library="SeleniumLibrary">
<arg>${HOME.INPUT_BUSCA}</arg>
<arg>itemNãoExistente</arg>
<doc>Types the given ``text`` into the text field identified by ``locator``.</doc>
<msg timestamp="20211024 21:06:47.395" level="INFO">Typing text 'itemNãoExistente' into text field 'search_query_top'.</msg>
<status status="PASS" starttime="20211024 21:06:47.395" endtime="20211024 21:06:47.475"/>
</kw>
<kw name="Click Button" library="SeleniumLibrary">
<arg>//*[@id="searchbox"]/button</arg>
<doc>Clicks the button identified by ``locator``.</doc>
<msg timestamp="20211024 21:06:47.476" level="INFO">Clicking button '//*[@id="searchbox"]/button'.</msg>
<status status="PASS" starttime="20211024 21:06:47.476" endtime="20211024 21:06:47.537"/>
</kw>
<kw name="Wait Until Element Is Visible" library="SeleniumLibrary">
<arg>//*[@id="center_column"]/p</arg>
<doc>Waits until the element ``locator`` is visible.</doc>
<status status="PASS" starttime="20211024 21:06:47.537" endtime="20211024 21:06:49.155"/>
</kw>
<status status="PASS" starttime="20211024 21:06:47.372" endtime="20211024 21:06:49.156"/>
</kw>
<status status="PASS" starttime="20211024 21:06:41.366" endtime="20211024 21:06:49.156"/>
</test>
<test id="s1-t3" name="Caso de Teste 03: Listar Produtos">
<kw name="Abrir navegador" library="hooks" type="SETUP">
<kw name="Open Browser" library="SeleniumLibrary">
<arg>browser=${BROWSER}</arg>
<doc>Opens a new browser instance to the optional ``url``.</doc>
<msg timestamp="20211024 21:06:49.159" level="INFO">Opening browser 'Chrome' to base url 'None'.</msg>
<status status="PASS" starttime="20211024 21:06:49.158" endtime="20211024 21:06:50.276"/>
</kw>
<kw name="Maximize Browser Window" library="SeleniumLibrary">
<doc>Maximizes current browser window.</doc>
<status status="PASS" starttime="20211024 21:06:50.276" endtime="20211024 21:06:50.396"/>
</kw>
<status status="PASS" starttime="20211024 21:06:49.158" endtime="20211024 21:06:50.396"/>
</kw>
<kw name="Acessar a página home do site Automation Practice​" library="kws_webautomation">
<kw name="Go To" library="SeleniumLibrary">
<arg>${URL}</arg>
<doc>Navigates the current browser window to the provided ``url``.</doc>
<msg timestamp="20211024 21:06:50.397" level="INFO">Opening url 'http://automationpractice.com/index.php'</msg>
<status status="PASS" starttime="20211024 21:06:50.397" endtime="20211024 21:06:56.825"/>
</kw>
<kw name="Title Should Be" library="SeleniumLibrary">
<arg>${HOME.TITLE_PAGE_HOME}</arg>
<doc>Verifies that the current page title equals ``title``.</doc>
<msg timestamp="20211024 21:06:56.831" level="INFO">Page title is 'My Store'.</msg>
<status status="PASS" starttime="20211024 21:06:56.825" endtime="20211024 21:06:56.831"/>
</kw>
<kw name="Wait Until Element Is Visible" library="SeleniumLibrary">
<arg>${HOME.HEADER_OPTIONS}</arg>
<doc>Waits until the element ``locator`` is visible.</doc>
<status status="PASS" starttime="20211024 21:06:56.832" endtime="20211024 21:06:56.854"/>
</kw>
<status status="PASS" starttime="20211024 21:06:50.396" endtime="20211024 21:06:56.854"/>
</kw>
<kw name="Passar o mouse por cima da categoria &quot;Women&quot; no menu principal superior de categorias" library="kws_webautomation">
<kw name="Mouse Over" library="SeleniumLibrary">
<arg>//*[@id="block_top_menu"]/ul/li[1]/a</arg>
<doc>Simulates hovering the mouse over the element ``locator``.</doc>
<msg timestamp="20211024 21:06:56.855" level="INFO">Simulating Mouse Over on element '//*[@id="block_top_menu"]/ul/li[1]/a'.</msg>
<status status="PASS" starttime="20211024 21:06:56.855" endtime="20211024 21:06:57.131"/>
</kw>
<status status="PASS" starttime="20211024 21:06:56.854" endtime="20211024 21:06:57.131"/>
</kw>
<kw name="Clicar na sub categoria &quot;Summer Dresses&quot;" library="kws_webautomation">
<kw name="Click Element" library="SeleniumLibrary">
<arg>//*[@id="block_top_menu"]/ul/li[1]/ul/li[2]/ul/li[3]/a</arg>
<doc>Click the element identified by ``locator``.</doc>
<msg timestamp="20211024 21:06:57.133" level="INFO">Clicking element '//*[@id="block_top_menu"]/ul/li[1]/ul/li[2]/ul/li[3]/a'.</msg>
<status status="PASS" starttime="20211024 21:06:57.133" endtime="20211024 21:07:00.987"/>
</kw>
<status status="PASS" starttime="20211024 21:06:57.132" endtime="20211024 21:07:00.987"/>
</kw>
<kw name="Conferir se os produtos da sub-categoria &quot;Summer Dresses&quot; foram mostrados na página" library="kws_webautomation">
<kw name="Wait Until Element Is Visible" library="SeleniumLibrary">
<arg>//*[@id="center_column"]/h1/span[1]</arg>
<doc>Waits until the element ``locator`` is visible.</doc>
<status status="PASS" starttime="20211024 21:07:00.988" endtime="20211024 21:07:01.014"/>
</kw>
<status status="PASS" starttime="20211024 21:07:00.988" endtime="20211024 21:07:01.014"/>
</kw>
<status status="PASS" starttime="20211024 21:06:49.157" endtime="20211024 21:07:01.015"/>
</test>
<test id="s1-t4" name="Caso de Teste 04: Adicionar Cliente">
<kw name="Abrir navegador" library="hooks" type="SETUP">
<kw name="Open Browser" library="SeleniumLibrary">
<arg>browser=${BROWSER}</arg>
<doc>Opens a new browser instance to the optional ``url``.</doc>
<msg timestamp="20211024 21:07:01.017" level="INFO">Opening browser 'Chrome' to base url 'None'.</msg>
<status status="PASS" starttime="20211024 21:07:01.017" endtime="20211024 21:07:02.073"/>
</kw>
<kw name="Maximize Browser Window" library="SeleniumLibrary">
<doc>Maximizes current browser window.</doc>
<status status="PASS" starttime="20211024 21:07:02.073" endtime="20211024 21:07:02.191"/>
</kw>
<status status="PASS" starttime="20211024 21:07:01.016" endtime="20211024 21:07:02.192"/>
</kw>
<kw name="Acessar a página home do site Automation Practice​" library="kws_webautomation">
<kw name="Go To" library="SeleniumLibrary">
<arg>${URL}</arg>
<doc>Navigates the current browser window to the provided ``url``.</doc>
<msg timestamp="20211024 21:07:02.195" level="INFO">Opening url 'http://automationpractice.com/index.php'</msg>
<status status="PASS" starttime="20211024 21:07:02.194" endtime="20211024 21:07:07.833"/>
</kw>
<kw name="Title Should Be" library="SeleniumLibrary">
<arg>${HOME.TITLE_PAGE_HOME}</arg>
<doc>Verifies that the current page title equals ``title``.</doc>
<msg timestamp="20211024 21:07:07.839" level="INFO">Page title is 'My Store'.</msg>
<status status="PASS" starttime="20211024 21:07:07.833" endtime="20211024 21:07:07.840"/>
</kw>
<kw name="Wait Until Element Is Visible" library="SeleniumLibrary">
<arg>${HOME.HEADER_OPTIONS}</arg>
<doc>Waits until the element ``locator`` is visible.</doc>
<status status="PASS" starttime="20211024 21:07:07.840" endtime="20211024 21:07:07.864"/>
</kw>
<status status="PASS" starttime="20211024 21:07:02.193" endtime="20211024 21:07:07.864"/>
</kw>
<kw name="Clicar em &quot;Sign in&quot;" library="kws_webautomation">
<kw name="Wait Until Element Is Visible" library="SeleniumLibrary">
<arg>//*[@id="header"]/div[2]/div/div/nav/div[1]/a</arg>
<doc>Waits until the element ``locator`` is visible.</doc>
<status status="PASS" starttime="20211024 21:07:07.865" endtime="20211024 21:07:07.890"/>
</kw>
<kw name="Click Element" library="SeleniumLibrary">
<arg>//*[@id="header"]/div[2]/div/div/nav/div[1]/a</arg>
<doc>Click the element identified by ``locator``.</doc>
<msg timestamp="20211024 21:07:07.890" level="INFO">Clicking element '//*[@id="header"]/div[2]/div/div/nav/div[1]/a'.</msg>
<status status="PASS" starttime="20211024 21:07:07.890" endtime="20211024 21:07:10.947"/>
</kw>
<status status="PASS" starttime="20211024 21:07:07.865" endtime="20211024 21:07:10.947"/>
</kw>
<kw name="Informar um e-mail válido" library="kws_webautomation">
<kw name="Input Text" library="SeleniumLibrary">
<arg>id=email_create</arg>
<arg>38@getnada.com</arg>
<doc>Types the given ``text`` into the text field identified by ``locator``.</doc>
<msg timestamp="20211024 21:07:10.949" level="INFO">Typing text '38@getnada.com' into text field 'id=email_create'.</msg>
<status status="PASS" starttime="20211024 21:07:10.948" endtime="20211024 21:07:11.025"/>
</kw>
<kw name="Click Element" library="SeleniumLibrary">
<arg>id=SubmitCreate</arg>
<doc>Click the element identified by ``locator``.</doc>
<msg timestamp="20211024 21:07:11.025" level="INFO">Clicking element 'id=SubmitCreate'.</msg>
<status status="PASS" starttime="20211024 21:07:11.025" endtime="20211024 21:07:11.075"/>
</kw>
<status status="PASS" starttime="20211024 21:07:10.948" endtime="20211024 21:07:11.076"/>
</kw>
<kw name="Preencher os dados obrigatórios" library="kws_webautomation">
<kw name="Wait Until Element Is Visible" library="SeleniumLibrary">
<arg>id=customer_firstname</arg>
<doc>Waits until the element ``locator`` is visible.</doc>
<kw name="Capture Page Screenshot" library="SeleniumLibrary">
<doc>Takes a screenshot of the current page and embeds it into a log file.</doc>
<status status="FAIL" starttime="20211024 21:07:15.061" endtime="20211024 21:07:15.061"/>
</kw>
<msg timestamp="20211024 21:07:15.061" level="WARN">Keyword 'Capture Page Screenshot' could not be run on failure: Execution terminated by signal</msg>
<status status="FAIL" starttime="20211024 21:07:11.076" endtime="20211024 21:07:15.062"/>
</kw>
<kw name="Click Element" library="SeleniumLibrary">
<arg>id=id_gender2</arg>
<doc>Click the element identified by ``locator``.</doc>
<status status="NOT RUN" starttime="20211024 21:07:15.062" endtime="20211024 21:07:15.062"/>
</kw>
<kw name="Input Text" library="SeleniumLibrary">
<arg>id=customer_firstname</arg>
<arg>Junior</arg>
<doc>Types the given ``text`` into the text field identified by ``locator``.</doc>
<status status="NOT RUN" starttime="20211024 21:07:15.063" endtime="20211024 21:07:15.063"/>
</kw>
<kw name="Input Text" library="SeleniumLibrary">
<arg>id=customer_lastname</arg>
<arg>Lara</arg>
<doc>Types the given ``text`` into the text field identified by ``locator``.</doc>
<status status="NOT RUN" starttime="20211024 21:07:15.063" endtime="20211024 21:07:15.063"/>
</kw>
<kw name="Input Text" library="SeleniumLibrary">
<arg>id=passwd</arg>
<arg>Abc1234</arg>
<doc>Types the given ``text`` into the text field identified by ``locator``.</doc>
<status status="NOT RUN" starttime="20211024 21:07:15.063" endtime="20211024 21:07:15.063"/>
</kw>
<kw name="Click Element" library="SeleniumLibrary">
<arg>id=days</arg>
<doc>Click the element identified by ``locator``.</doc>
<status status="NOT RUN" starttime="20211024 21:07:15.063" endtime="20211024 21:07:15.063"/>
</kw>
<kw name="Click Element" library="SeleniumLibrary">
<arg>//*[@id="days"]/option[10]</arg>
<doc>Click the element identified by ``locator``.</doc>
<status status="NOT RUN" starttime="20211024 21:07:15.063" endtime="20211024 21:07:15.064"/>
</kw>
<kw name="Click Element" library="SeleniumLibrary">
<arg>id=months</arg>
<doc>Click the element identified by ``locator``.</doc>
<status status="NOT RUN" starttime="20211024 21:07:15.064" endtime="20211024 21:07:15.064"/>
</kw>
<kw name="Click Element" library="SeleniumLibrary">
<arg>//*[@id="months"]/option[8]</arg>
<doc>Click the element identified by ``locator``.</doc>
<status status="NOT RUN" starttime="20211024 21:07:15.064" endtime="20211024 21:07:15.064"/>
</kw>
<kw name="Click Element" library="SeleniumLibrary">
<arg>//*[@id="years"]/option[27]</arg>
<doc>Click the element identified by ``locator``.</doc>
<status status="NOT RUN" starttime="20211024 21:07:15.064" endtime="20211024 21:07:15.064"/>
</kw>
<kw name="Input Text" library="SeleniumLibrary">
<arg>id=company</arg>
<arg>Prime Control</arg>
<doc>Types the given ``text`` into the text field identified by ``locator``.</doc>
<status status="NOT RUN" starttime="20211024 21:07:15.065" endtime="20211024 21:07:15.065"/>
</kw>
<kw name="Input Text" library="SeleniumLibrary">
<arg>id=address1</arg>
<arg>Rua jose manoel</arg>
<doc>Types the given ``text`` into the text field identified by ``locator``.</doc>
<status status="NOT RUN" starttime="20211024 21:07:15.065" endtime="20211024 21:07:15.065"/>
</kw>
<kw name="Input Text" library="SeleniumLibrary">
<arg>id=city</arg>
<arg>Curitiba-PR</arg>
<doc>Types the given ``text`` into the text field identified by ``locator``.</doc>
<status status="NOT RUN" starttime="20211024 21:07:15.065" endtime="20211024 21:07:15.065"/>
</kw>
<kw name="Click Element" library="SeleniumLibrary">
<arg>id=id_state</arg>
<doc>Click the element identified by ``locator``.</doc>
<status status="NOT RUN" starttime="20211024 21:07:15.065" endtime="20211024 21:07:15.065"/>
</kw>
<kw name="Click Element" library="SeleniumLibrary">
<arg>//*[@id="id_state"]/option[4]</arg>
<doc>Click the element identified by ``locator``.</doc>
<status status="NOT RUN" starttime="20211024 21:07:15.066" endtime="20211024 21:07:15.066"/>
</kw>
<kw name="Input Text" library="SeleniumLibrary">
<arg>id=postcode</arg>
<arg>00000</arg>
<doc>Types the given ``text`` into the text field identified by ``locator``.</doc>
<status status="NOT RUN" starttime="20211024 21:07:15.066" endtime="20211024 21:07:15.066"/>
</kw>
<kw name="Input Text" library="SeleniumLibrary">
<arg>id=address2</arg>
<arg>Rua jose pedro</arg>
<doc>Types the given ``text`` into the text field identified by ``locator``.</doc>
<status status="NOT RUN" starttime="20211024 21:07:15.066" endtime="20211024 21:07:15.066"/>
</kw>
<kw name="Input Text" library="SeleniumLibrary">
<arg>id=other</arg>
<arg>Analista de testes de software</arg>
<doc>Types the given ``text`` into the text field identified by ``locator``.</doc>
<status status="NOT RUN" starttime="20211024 21:07:15.066" endtime="20211024 21:07:15.066"/>
</kw>
<kw name="Input Text" library="SeleniumLibrary">
<arg>id=phone_mobile</arg>
<arg>41999999999</arg>
<doc>Types the given ``text`` into the text field identified by ``locator``.</doc>
<status status="NOT RUN" starttime="20211024 21:07:15.067" endtime="20211024 21:07:15.067"/>
</kw>
<kw name="Input Text" library="SeleniumLibrary">
<arg>id=phone</arg>
<arg>4133333333</arg>
<doc>Types the given ``text`` into the text field identified by ``locator``.</doc>
<status status="NOT RUN" starttime="20211024 21:07:15.067" endtime="20211024 21:07:15.067"/>
</kw>
<status status="FAIL" starttime="20211024 21:07:11.076" endtime="20211024 21:07:15.067"/>
</kw>
<kw name="Submeter cadastro" library="kws_webautomation">
<status status="NOT RUN" starttime="20211024 21:07:15.068" endtime="20211024 21:07:15.068"/>
</kw>
<kw name="Conferir se o cadastro foi efetuado com sucesso" library="kws_webautomation">
<status status="NOT RUN" starttime="20211024 21:07:15.069" endtime="20211024 21:07:15.069"/>
</kw>
<status status="FAIL" starttime="20211024 21:07:01.016" endtime="20211024 21:07:15.069">Execution terminated by signal</status>
</test>
<doc>Aqui estarão presentes os primeiros testes automatizados Web.</doc>
<status status="FAIL" starttime="20211024 21:06:33.806" endtime="20211024 21:07:15.076"/>
</suite>
<statistics>
<total>
<stat pass="3" fail="1" skip="0">All Tests</stat>
</total>
<tag>
</tag>
<suite>
<stat pass="3" fail="1" skip="0" id="s1" name="Webautomation">Webautomation</stat>
</suite>
</statistics>
<errors>
<msg timestamp="20211024 21:07:15.061" level="WARN">Keyword 'Capture Page Screenshot' could not be run on failure: Execution terminated by signal</msg>
</errors>
</robot>
